<?xml version="1.0" encoding="UTF-8"?>
<testng-results ignored="0" total="1" passed="1" failed="0" skipped="0">
  <reporter-output>
  </reporter-output>
  <suite started-at="2020-06-02T13:41:38Z" name="Surefire suite" finished-at="2020-06-02T13:42:29Z" duration-ms="50899">
    <groups>
    </groups>
    <test started-at="2020-06-02T13:41:38Z" name="Surefire test" finished-at="2020-06-02T13:42:29Z" duration-ms="50899">
      <class name="CucumberPractice.AppTest">
        <test-method signature="testApp()" started-at="2020-06-02T13:41:38Z" name="testApp" finished-at="2020-06-02T13:41:38Z" duration-ms="11" status="PASS">
          <reporter-output>
          </reporter-output>
        </test-method> <!-- testApp -->
      </class> <!-- CucumberPractice.AppTest -->
    </test> <!-- Surefire test -->
  </suite> <!-- Surefire suite -->
</testng-results>
