<?xml version="1.0" encoding="UTF-8"?>
<testng-results ignored="0" total="1" passed="1" failed="0" skipped="0">
  <reporter-output>
  </reporter-output>
  <suite started-at="2020-06-03T14:19:11Z" name="Surefire suite" finished-at="2020-06-03T14:19:32Z" duration-ms="20397">
    <groups>
    </groups>
    <test started-at="2020-06-03T14:19:11Z" name="Surefire test" finished-at="2020-06-03T14:19:32Z" duration-ms="20397">
      <class name="CucumberPractice.AppTest">
        <test-method signature="testApp()" started-at="2020-06-03T14:19:11Z" name="testApp" finished-at="2020-06-03T14:19:11Z" duration-ms="9" status="PASS">
          <reporter-output>
          </reporter-output>
        </test-method> <!-- testApp -->
      </class> <!-- CucumberPractice.AppTest -->
    </test> <!-- Surefire test -->
  </suite> <!-- Surefire suite -->
</testng-results>
