<?xml version="1.0" encoding="UTF-8" standalone="no"?>
<testsuite errors="0" failures="0" name="io.cucumber.core.plugin.JUnitFormatter" skipped="0" tests="2" time="50.253">
    <testcase classname="Validation of selenium practice website" name="Test01_validation of simple demo form Two input field" time="31.19">
        <system-out>
            <![CDATA[Given user is on simple demo form homepage..................................passed
When user enters a value of "10" and "30"...................................passed
And click on Get_Total button...............................................passed
Then user should see the sum of "10" and "30"...............................passed
]]>
        </system-out>
    </testcase>
    <testcase classname="Validation of selenium practice website" name="Test02_validation of simple demo form Two input field" time="18.908">
        <system-out>
            <![CDATA[Given user is on simple demo form homepage..................................passed
When user enters a value of "20" and "40"...................................passed
And click on Get_Total button...............................................passed
Then user should see the sum of "20" and "40"...............................passed
]]>
        </system-out>
    </testcase>
</testsuite>
